<?xml version="1.0" encoding="UTF-8"?>
<!-- Generated by org.testng.reporters.JUnitReportReporter -->
<testsuite hostname="SCA-BALVARADO-OD.local" failures="0" tests="1" name="com.automatedtester.qa.TC002_Chapter1_ValidateText" time="10.106" errors="0" timestamp="05 Sep 2020 21:52:45 GMT" skipped="0">
  <testcase classname="com.automatedtester.qa.TC002_Chapter1_ValidateText" name="TC002" time="10.106"/>
</testsuite> <!-- com.automatedtester.qa.TC002_Chapter1_ValidateText -->
