<?xml version="1.0" encoding="UTF-8"?>
<!-- Generated by org.testng.reporters.JUnitReportReporter -->
<testsuite skipped="0" hostname="SCA-BALVARADO-OD.local" name="com.automatedtester.qa.TC001_Chapter_1_ValidateDropDown_POM" tests="1" failures="0" timestamp="2020-09-26T08:44:52 CST" time="2.772" errors="0">
  <testcase name="TC001" time="2.772" classname="com.automatedtester.qa.TC001_Chapter_1_ValidateDropDown_POM"/>
  <system-out>
Launch Browser http://book.theautomatedtester.co.uk/ Click Chapter 1 Click Radio Select Selenium Codefrom dropdown Navigate Home Page  </system-out>
</testsuite> <!-- com.automatedtester.qa.TC001_Chapter_1_ValidateDropDown_POM -->
