<?xml version="1.0" encoding="UTF-8"?>
<!-- Generated by org.testng.reporters.JUnitReportReporter -->
<testsuite hostname="SCA-BALVARADO-OD.local" failures="0" tests="1" name="com.automatedtester.qa.TC001_Chapter1_ValidateDropdown" time="9.860" errors="0" timestamp="05 Sep 2020 17:20:49 GMT" skipped="0">
  <testcase classname="com.automatedtester.qa.TC001_Chapter1_ValidateDropdown" name="TC001" time="9.860"/>
</testsuite> <!-- com.automatedtester.qa.TC001_Chapter1_ValidateDropdown -->
