<?xml version="1.0" encoding="UTF-8"?>
<!-- Generated by org.testng.reporters.JUnitReportReporter -->
<testsuite hostname="SCA-BALVARADO-OD.lan" failures="0" tests="1" name="com.automatedtester.qa.TC002_Chapter1_ValidateText_POM" time="2.744" errors="0" timestamp="14 Sep 2020 00:35:34 GMT" skipped="0">
  <testcase classname="com.automatedtester.qa.TC002_Chapter1_ValidateText_POM" name="TC002" time="2.744"/>
</testsuite> <!-- com.automatedtester.qa.TC002_Chapter1_ValidateText_POM -->
