<?xml version="1.0" encoding="UTF-8"?>
<!-- Generated by org.testng.reporters.JUnitReportReporter -->
<testsuite hostname="SCA-BALVARADO-OD.local" failures="0" tests="1" name="com.automatedtester.qa.TC003_Chapter1_ValidateButtonLoadPage" time="9.626" errors="0" timestamp="05 Sep 2020 22:23:11 GMT" skipped="0">
  <testcase classname="com.automatedtester.qa.TC003_Chapter1_ValidateButtonLoadPage" name="TC003" time="9.626"/>
</testsuite> <!-- com.automatedtester.qa.TC003_Chapter1_ValidateButtonLoadPage -->
