<?xml version="1.0" encoding="UTF-8"?>
<!-- Generated by org.testng.reporters.JUnitReportReporter -->
<testsuite hostname="SCA-BALVARADO-OD.local" failures="0" tests="1" name="com.automatedtester.qa.TC003_Chapter1_ValidateButtonLoadPage" time="7.991" errors="0" timestamp="06 Sep 2020 16:42:41 GMT" skipped="0">
  <testcase classname="com.automatedtester.qa.TC003_Chapter1_ValidateButtonLoadPage" name="TC003" time="7.991"/>
</testsuite> <!-- com.automatedtester.qa.TC003_Chapter1_ValidateButtonLoadPage -->
